<?xml version="1.0" encoding="UTF-8"?>
<testng-results ignored="0" total="1" passed="1" failed="0" skipped="0">
  <reporter-output>
  </reporter-output>
  <suite started-at="2022-07-29T17:27:15 GMT+05:30" name="Suite" finished-at="2022-07-29T17:29:25 GMT+05:30" duration-ms="129840">
    <groups>
    </groups>
    <test started-at="2022-07-29T17:27:15 GMT+05:30" name="Test" finished-at="2022-07-29T17:29:25 GMT+05:30" duration-ms="129840">
      <class name="practice1.EbayPage1">
        <test-method is-config="true" signature="beforemethod()[pri:0, instance:practice1.EbayPage1@268f106e]" started-at="2022-07-29T17:27:15 GMT+05:30" name="beforemethod" finished-at="2022-07-29T17:29:22 GMT+05:30" duration-ms="127381" status="PASS">
          <reporter-output>
          </reporter-output>
        </test-method> <!-- beforemethod -->
        <test-method signature="search()[pri:0, instance:practice1.EbayPage1@268f106e]" started-at="2022-07-29T17:29:22 GMT+05:30" name="search" finished-at="2022-07-29T17:29:25 GMT+05:30" duration-ms="2105" status="PASS">
          <reporter-output>
          </reporter-output>
        </test-method> <!-- search -->
      </class> <!-- practice1.EbayPage1 -->
    </test> <!-- Test -->
  </suite> <!-- Suite -->
</testng-results>
